{"/Users/bayuaji/Documents/Online Hacktiv8/Fase 3/Final Project/be-services-users/app.js": {"path":"/Users/bayuaji/Documents/Online Hacktiv8/Fase 3/Final Project/be-services-users/app.js","statementMap":{"0":{"start":{"line":1,"column":0},"end":{"line":3,"column":1}},"1":{"start":{"line":2,"column":2},"end":{"line":2,"column":29}},"2":{"start":{"line":5,"column":16},"end":{"line":5,"column":34}},"3":{"start":{"line":6,"column":12},"end":{"line":6,"column":21}},"4":{"start":{"line":8,"column":15},"end":{"line":8,"column":35}},"5":{"start":{"line":9,"column":13},"end":{"line":9,"column":37}},"6":{"start":{"line":10,"column":13},"end":{"line":10,"column":28}},"7":{"start":{"line":11,"column":15},"end":{"line":11,"column":51}},"8":{"start":{"line":13,"column":0},"end":{"line":13,"column":16}},"9":{"start":{"line":17,"column":0},"end":{"line":17,"column":24}},"10":{"start":{"line":18,"column":0},"end":{"line":18,"column":49}},"11":{"start":{"line":19,"column":0},"end":{"line":19,"column":16}},"12":{"start":{"line":20,"column":0},"end":{"line":20,"column":16}},"13":{"start":{"line":26,"column":0},"end":{"line":26,"column":21}}},"fnMap":{},"branchMap":{"0":{"loc":{"start":{"line":1,"column":0},"end":{"line":3,"column":1}},"type":"if","locations":[{"start":{"line":1,"column":0},"end":{"line":3,"column":1}},{"start":{},"end":{}}],"line":1},"1":{"loc":{"start":{"line":9,"column":13},"end":{"line":9,"column":37}},"type":"binary-expr","locations":[{"start":{"line":9,"column":13},"end":{"line":9,"column":29}},{"start":{"line":9,"column":33},"end":{"line":9,"column":37}}],"line":9}},"s":{"0":1,"1":1,"2":1,"3":1,"4":1,"5":1,"6":1,"7":1,"8":1,"9":1,"10":1,"11":1,"12":1,"13":1},"f":{},"b":{"0":[1,0],"1":[1,1]},"_coverageSchema":"1a1c01bbd47fc00a2c39e90264f33305004495a9","hash":"9030190a69a1a172eed6a9d6ea5e6ba8e9c07cc4"}
,"/Users/bayuaji/Documents/Online Hacktiv8/Fase 3/Final Project/be-services-users/controllers/index.js": {"path":"/Users/bayuaji/Documents/Online Hacktiv8/Fase 3/Final Project/be-services-users/controllers/index.js","statementMap":{"0":{"start":{"line":1,"column":34},"end":{"line":1,"column":62}},"1":{"start":{"line":2,"column":22},"end":{"line":2,"column":47}},"2":{"start":{"line":3,"column":15},"end":{"line":3,"column":65}},"3":{"start":{"line":4,"column":14},"end":{"line":4,"column":30}},"4":{"start":{"line":5,"column":33},"end":{"line":5,"column":53}},"5":{"start":{"line":8,"column":4},"end":{"line":36,"column":5}},"6":{"start":{"line":10,"column":8},"end":{"line":10,"column":16}},"7":{"start":{"line":11,"column":22},"end":{"line":19,"column":8}},"8":{"start":{"line":20,"column":6},"end":{"line":25,"column":7}},"9":{"start":{"line":21,"column":8},"end":{"line":24,"column":11}},"10":{"start":{"line":27,"column":25},"end":{"line":31,"column":7}},"11":{"start":{"line":33,"column":6},"end":{"line":33,"column":39}},"12":{"start":{"line":35,"column":6},"end":{"line":35,"column":18}},"13":{"start":{"line":40,"column":4},"end":{"line":64,"column":5}},"14":{"start":{"line":41,"column":34},"end":{"line":41,"column":42}},"15":{"start":{"line":42,"column":6},"end":{"line":44,"column":7}},"16":{"start":{"line":43,"column":8},"end":{"line":43,"column":62}},"17":{"start":{"line":45,"column":6},"end":{"line":47,"column":7}},"18":{"start":{"line":46,"column":8},"end":{"line":46,"column":65}},"19":{"start":{"line":48,"column":24},"end":{"line":48,"column":64}},"20":{"start":{"line":50,"column":6},"end":{"line":50,"column":48}},"21":{"start":{"line":50,"column":22},"end":{"line":50,"column":48}},"22":{"start":{"line":51,"column":6},"end":{"line":51,"column":80}},"23":{"start":{"line":51,"column":54},"end":{"line":51,"column":80}},"24":{"start":{"line":52,"column":20},"end":{"line":55,"column":8}},"25":{"start":{"line":56,"column":6},"end":{"line":61,"column":9}},"26":{"start":{"line":63,"column":6},"end":{"line":63,"column":18}},"27":{"start":{"line":67,"column":4},"end":{"line":75,"column":5}},"28":{"start":{"line":68,"column":23},"end":{"line":70,"column":8}},"29":{"start":{"line":72,"column":6},"end":{"line":72,"column":37}},"30":{"start":{"line":74,"column":6},"end":{"line":74,"column":18}},"31":{"start":{"line":78,"column":4},"end":{"line":89,"column":5}},"32":{"start":{"line":79,"column":21},"end":{"line":79,"column":31}},"33":{"start":{"line":81,"column":21},"end":{"line":83,"column":8}},"34":{"start":{"line":85,"column":6},"end":{"line":85,"column":47}},"35":{"start":{"line":85,"column":19},"end":{"line":85,"column":47}},"36":{"start":{"line":86,"column":6},"end":{"line":86,"column":35}},"37":{"start":{"line":88,"column":6},"end":{"line":88,"column":18}},"38":{"start":{"line":94,"column":4},"end":{"line":104,"column":5}},"39":{"start":{"line":95,"column":25},"end":{"line":95,"column":35}},"40":{"start":{"line":96,"column":25},"end":{"line":99,"column":8}},"41":{"start":{"line":100,"column":6},"end":{"line":100,"column":46}},"42":{"start":{"line":100,"column":22},"end":{"line":100,"column":46}},"43":{"start":{"line":101,"column":6},"end":{"line":101,"column":39}},"44":{"start":{"line":103,"column":6},"end":{"line":103,"column":18}},"45":{"start":{"line":108,"column":0},"end":{"line":108,"column":28}}},"fnMap":{"0":{"name":"(anonymous_0)","decl":{"start":{"line":7,"column":2},"end":{"line":7,"column":3}},"loc":{"start":{"line":7,"column":40},"end":{"line":37,"column":3}},"line":7},"1":{"name":"(anonymous_1)","decl":{"start":{"line":39,"column":2},"end":{"line":39,"column":3}},"loc":{"start":{"line":39,"column":37},"end":{"line":65,"column":3}},"line":39},"2":{"name":"(anonymous_2)","decl":{"start":{"line":66,"column":2},"end":{"line":66,"column":3}},"loc":{"start":{"line":66,"column":39},"end":{"line":76,"column":3}},"line":66},"3":{"name":"(anonymous_3)","decl":{"start":{"line":77,"column":2},"end":{"line":77,"column":3}},"loc":{"start":{"line":77,"column":41},"end":{"line":90,"column":3}},"line":77},"4":{"name":"(anonymous_4)","decl":{"start":{"line":92,"column":2},"end":{"line":92,"column":3}},"loc":{"start":{"line":92,"column":49},"end":{"line":105,"column":3}},"line":92}},"branchMap":{"0":{"loc":{"start":{"line":20,"column":6},"end":{"line":25,"column":7}},"type":"if","locations":[{"start":{"line":20,"column":6},"end":{"line":25,"column":7}},{"start":{},"end":{}}],"line":20},"1":{"loc":{"start":{"line":42,"column":6},"end":{"line":44,"column":7}},"type":"if","locations":[{"start":{"line":42,"column":6},"end":{"line":44,"column":7}},{"start":{},"end":{}}],"line":42},"2":{"loc":{"start":{"line":42,"column":10},"end":{"line":42,"column":31}},"type":"binary-expr","locations":[{"start":{"line":42,"column":10},"end":{"line":42,"column":16}},{"start":{"line":42,"column":20},"end":{"line":42,"column":31}}],"line":42},"3":{"loc":{"start":{"line":45,"column":6},"end":{"line":47,"column":7}},"type":"if","locations":[{"start":{"line":45,"column":6},"end":{"line":47,"column":7}},{"start":{},"end":{}}],"line":45},"4":{"loc":{"start":{"line":45,"column":10},"end":{"line":45,"column":37}},"type":"binary-expr","locations":[{"start":{"line":45,"column":10},"end":{"line":45,"column":19}},{"start":{"line":45,"column":23},"end":{"line":45,"column":37}}],"line":45},"5":{"loc":{"start":{"line":50,"column":6},"end":{"line":50,"column":48}},"type":"if","locations":[{"start":{"line":50,"column":6},"end":{"line":50,"column":48}},{"start":{},"end":{}}],"line":50},"6":{"loc":{"start":{"line":51,"column":6},"end":{"line":51,"column":80}},"type":"if","locations":[{"start":{"line":51,"column":6},"end":{"line":51,"column":80}},{"start":{},"end":{}}],"line":51},"7":{"loc":{"start":{"line":85,"column":6},"end":{"line":85,"column":47}},"type":"if","locations":[{"start":{"line":85,"column":6},"end":{"line":85,"column":47}},{"start":{},"end":{}}],"line":85},"8":{"loc":{"start":{"line":100,"column":6},"end":{"line":100,"column":46}},"type":"if","locations":[{"start":{"line":100,"column":6},"end":{"line":100,"column":46}},{"start":{},"end":{}}],"line":100}},"s":{"0":1,"1":1,"2":1,"3":1,"4":1,"5":9,"6":9,"7":9,"8":1,"9":1,"10":1,"11":1,"12":8,"13":4,"14":4,"15":4,"16":1,"17":4,"18":1,"19":4,"20":3,"21":2,"22":1,"23":0,"24":1,"25":1,"26":3,"27":1,"28":1,"29":1,"30":0,"31":2,"32":2,"33":2,"34":2,"35":1,"36":1,"37":1,"38":1,"39":1,"40":1,"41":1,"42":0,"43":1,"44":0,"45":1},"f":{"0":9,"1":4,"2":1,"3":2,"4":1},"b":{"0":[1,0],"1":[1,3],"2":[4,3],"3":[1,3],"4":[4,3],"5":[2,1],"6":[0,1],"7":[1,1],"8":[0,1]},"_coverageSchema":"1a1c01bbd47fc00a2c39e90264f33305004495a9","hash":"ee9635afab6cb9428fe671188e98fe5ef27c3a6d"}
,"/Users/bayuaji/Documents/Online Hacktiv8/Fase 3/Final Project/be-services-users/controllers/updateData.js": {"path":"/Users/bayuaji/Documents/Online Hacktiv8/Fase 3/Final Project/be-services-users/controllers/updateData.js","statementMap":{"0":{"start":{"line":1,"column":17},"end":{"line":1,"column":47}},"1":{"start":{"line":2,"column":33},"end":{"line":2,"column":53}},"2":{"start":{"line":6,"column":4},"end":{"line":19,"column":5}},"3":{"start":{"line":7,"column":25},"end":{"line":7,"column":35}},"4":{"start":{"line":8,"column":31},"end":{"line":8,"column":39}},"5":{"start":{"line":9,"column":26},"end":{"line":12,"column":7}},"6":{"start":{"line":14,"column":6},"end":{"line":14,"column":52}},"7":{"start":{"line":14,"column":25},"end":{"line":14,"column":52}},"8":{"start":{"line":15,"column":6},"end":{"line":15,"column":64}},"9":{"start":{"line":18,"column":6},"end":{"line":18,"column":18}},"10":{"start":{"line":22,"column":4},"end":{"line":55,"column":5}},"11":{"start":{"line":23,"column":26},"end":{"line":23,"column":34}},"12":{"start":{"line":24,"column":25},"end":{"line":24,"column":35}},"13":{"start":{"line":25,"column":19},"end":{"line":25,"column":46}},"14":{"start":{"line":26,"column":23},"end":{"line":28,"column":7}},"15":{"start":{"line":29,"column":6},"end":{"line":29,"column":31}},"16":{"start":{"line":30,"column":6},"end":{"line":30,"column":28}},"17":{"start":{"line":31,"column":22},"end":{"line":46,"column":7}},"18":{"start":{"line":48,"column":19},"end":{"line":48,"column":66}},"19":{"start":{"line":49,"column":25},"end":{"line":49,"column":85}},"20":{"start":{"line":51,"column":6},"end":{"line":51,"column":39}},"21":{"start":{"line":54,"column":6},"end":{"line":54,"column":18}},"22":{"start":{"line":58,"column":4},"end":{"line":83,"column":5}},"23":{"start":{"line":59,"column":25},"end":{"line":59,"column":35}},"24":{"start":{"line":60,"column":26},"end":{"line":60,"column":34}},"25":{"start":{"line":61,"column":19},"end":{"line":61,"column":46}},"26":{"start":{"line":62,"column":23},"end":{"line":64,"column":7}},"27":{"start":{"line":65,"column":6},"end":{"line":65,"column":31}},"28":{"start":{"line":66,"column":21},"end":{"line":66,"column":59}},"29":{"start":{"line":67,"column":6},"end":{"line":67,"column":72}},"30":{"start":{"line":68,"column":6},"end":{"line":73,"column":9}},"31":{"start":{"line":74,"column":27},"end":{"line":74,"column":54}},"32":{"start":{"line":75,"column":6},"end":{"line":77,"column":72}},"33":{"start":{"line":82,"column":6},"end":{"line":82,"column":18}},"34":{"start":{"line":87,"column":4},"end":{"line":108,"column":5}},"35":{"start":{"line":88,"column":6},"end":{"line":88,"column":27}},"36":{"start":{"line":89,"column":25},"end":{"line":89,"column":35}},"37":{"start":{"line":90,"column":26},"end":{"line":90,"column":34}},"38":{"start":{"line":91,"column":19},"end":{"line":91,"column":46}},"39":{"start":{"line":92,"column":21},"end":{"line":92,"column":59}},"40":{"start":{"line":93,"column":6},"end":{"line":93,"column":50}},"41":{"start":{"line":93,"column":22},"end":{"line":93,"column":50}},"42":{"start":{"line":94,"column":6},"end":{"line":94,"column":72}},"43":{"start":{"line":95,"column":6},"end":{"line":100,"column":9}},"44":{"start":{"line":101,"column":27},"end":{"line":101,"column":54}},"45":{"start":{"line":102,"column":6},"end":{"line":104,"column":72}},"46":{"start":{"line":107,"column":6},"end":{"line":107,"column":18}},"47":{"start":{"line":111,"column":4},"end":{"line":126,"column":5}},"48":{"start":{"line":112,"column":25},"end":{"line":112,"column":35}},"49":{"start":{"line":113,"column":26},"end":{"line":113,"column":34}},"50":{"start":{"line":114,"column":19},"end":{"line":114,"column":46}},"51":{"start":{"line":115,"column":21},"end":{"line":115,"column":59}},"52":{"start":{"line":116,"column":6},"end":{"line":116,"column":50}},"53":{"start":{"line":116,"column":22},"end":{"line":116,"column":50}},"54":{"start":{"line":117,"column":23},"end":{"line":122,"column":8}},"55":{"start":{"line":123,"column":6},"end":{"line":123,"column":67}},"56":{"start":{"line":125,"column":6},"end":{"line":125,"column":18}},"57":{"start":{"line":129,"column":4},"end":{"line":148,"column":5}},"58":{"start":{"line":130,"column":21},"end":{"line":130,"column":31}},"59":{"start":{"line":131,"column":6},"end":{"line":131,"column":72}},"60":{"start":{"line":132,"column":26},"end":{"line":132,"column":59}},"61":{"start":{"line":133,"column":6},"end":{"line":133,"column":52}},"62":{"start":{"line":133,"column":24},"end":{"line":133,"column":52}},"63":{"start":{"line":134,"column":6},"end":{"line":144,"column":7}},"64":{"start":{"line":135,"column":21},"end":{"line":135,"column":71}},"65":{"start":{"line":137,"column":10},"end":{"line":138,"column":52}},"66":{"start":{"line":139,"column":8},"end":{"line":139,"column":52}},"67":{"start":{"line":139,"column":24},"end":{"line":139,"column":52}},"68":{"start":{"line":140,"column":8},"end":{"line":143,"column":10}},"69":{"start":{"line":145,"column":6},"end":{"line":145,"column":81}},"70":{"start":{"line":147,"column":6},"end":{"line":147,"column":18}},"71":{"start":{"line":151,"column":4},"end":{"line":159,"column":5}},"72":{"start":{"line":152,"column":25},"end":{"line":154,"column":8}},"73":{"start":{"line":156,"column":6},"end":{"line":156,"column":39}},"74":{"start":{"line":162,"column":4},"end":{"line":171,"column":5}},"75":{"start":{"line":163,"column":21},"end":{"line":163,"column":31}},"76":{"start":{"line":164,"column":26},"end":{"line":164,"column":59}},"77":{"start":{"line":165,"column":6},"end":{"line":165,"column":31}},"78":{"start":{"line":167,"column":6},"end":{"line":167,"column":77}},"79":{"start":{"line":168,"column":6},"end":{"line":168,"column":67}},"80":{"start":{"line":175,"column":0},"end":{"line":175,"column":34}}},"fnMap":{"0":{"name":"(anonymous_0)","decl":{"start":{"line":5,"column":2},"end":{"line":5,"column":3}},"loc":{"start":{"line":5,"column":43},"end":{"line":20,"column":3}},"line":5},"1":{"name":"(anonymous_1)","decl":{"start":{"line":21,"column":2},"end":{"line":21,"column":3}},"loc":{"start":{"line":21,"column":39},"end":{"line":56,"column":3}},"line":21},"2":{"name":"(anonymous_2)","decl":{"start":{"line":57,"column":2},"end":{"line":57,"column":3}},"loc":{"start":{"line":57,"column":42},"end":{"line":84,"column":3}},"line":57},"3":{"name":"(anonymous_3)","decl":{"start":{"line":86,"column":2},"end":{"line":86,"column":3}},"loc":{"start":{"line":86,"column":46},"end":{"line":109,"column":3}},"line":86},"4":{"name":"(anonymous_4)","decl":{"start":{"line":110,"column":2},"end":{"line":110,"column":3}},"loc":{"start":{"line":110,"column":40},"end":{"line":127,"column":3}},"line":110},"5":{"name":"(anonymous_5)","decl":{"start":{"line":128,"column":2},"end":{"line":128,"column":3}},"loc":{"start":{"line":128,"column":41},"end":{"line":149,"column":3}},"line":128},"6":{"name":"(anonymous_6)","decl":{"start":{"line":150,"column":2},"end":{"line":150,"column":3}},"loc":{"start":{"line":150,"column":43},"end":{"line":160,"column":3}},"line":150},"7":{"name":"(anonymous_7)","decl":{"start":{"line":161,"column":2},"end":{"line":161,"column":3}},"loc":{"start":{"line":161,"column":40},"end":{"line":172,"column":3}},"line":161}},"branchMap":{"0":{"loc":{"start":{"line":14,"column":6},"end":{"line":14,"column":52}},"type":"if","locations":[{"start":{"line":14,"column":6},"end":{"line":14,"column":52}},{"start":{},"end":{}}],"line":14},"1":{"loc":{"start":{"line":93,"column":6},"end":{"line":93,"column":50}},"type":"if","locations":[{"start":{"line":93,"column":6},"end":{"line":93,"column":50}},{"start":{},"end":{}}],"line":93},"2":{"loc":{"start":{"line":116,"column":6},"end":{"line":116,"column":50}},"type":"if","locations":[{"start":{"line":116,"column":6},"end":{"line":116,"column":50}},{"start":{},"end":{}}],"line":116},"3":{"loc":{"start":{"line":133,"column":6},"end":{"line":133,"column":52}},"type":"if","locations":[{"start":{"line":133,"column":6},"end":{"line":133,"column":52}},{"start":{},"end":{}}],"line":133},"4":{"loc":{"start":{"line":134,"column":6},"end":{"line":144,"column":7}},"type":"if","locations":[{"start":{"line":134,"column":6},"end":{"line":144,"column":7}},{"start":{},"end":{}}],"line":134},"5":{"loc":{"start":{"line":139,"column":8},"end":{"line":139,"column":52}},"type":"if","locations":[{"start":{"line":139,"column":8},"end":{"line":139,"column":52}},{"start":{},"end":{}}],"line":139}},"s":{"0":1,"1":1,"2":2,"3":2,"4":2,"5":2,"6":2,"7":1,"8":1,"9":1,"10":1,"11":1,"12":1,"13":1,"14":1,"15":1,"16":1,"17":1,"18":1,"19":1,"20":1,"21":0,"22":1,"23":1,"24":1,"25":1,"26":1,"27":1,"28":1,"29":1,"30":1,"31":1,"32":1,"33":0,"34":2,"35":2,"36":2,"37":2,"38":2,"39":2,"40":2,"41":1,"42":1,"43":1,"44":1,"45":1,"46":1,"47":2,"48":2,"49":2,"50":2,"51":2,"52":2,"53":1,"54":1,"55":1,"56":1,"57":2,"58":2,"59":2,"60":2,"61":2,"62":0,"63":2,"64":2,"65":2,"66":2,"67":1,"68":1,"69":1,"70":1,"71":1,"72":1,"73":1,"74":1,"75":1,"76":1,"77":1,"78":1,"79":1,"80":1},"f":{"0":2,"1":1,"2":1,"3":2,"4":2,"5":2,"6":1,"7":1},"b":{"0":[1,1],"1":[1,1],"2":[1,1],"3":[0,2],"4":[2,0],"5":[1,1]},"_coverageSchema":"1a1c01bbd47fc00a2c39e90264f33305004495a9","hash":"c6080f515027ce375e4d8fb29188adeecf88a296"}
,"/Users/bayuaji/Documents/Online Hacktiv8/Fase 3/Final Project/be-services-users/helpers/bcrypt.js": {"path":"/Users/bayuaji/Documents/Online Hacktiv8/Fase 3/Final Project/be-services-users/helpers/bcrypt.js","statementMap":{"0":{"start":{"line":1,"column":15},"end":{"line":1,"column":34}},"1":{"start":{"line":3,"column":17},"end":{"line":3,"column":52}},"2":{"start":{"line":3,"column":27},"end":{"line":3,"column":52}},"3":{"start":{"line":4,"column":20},"end":{"line":4,"column":66}},"4":{"start":{"line":4,"column":36},"end":{"line":4,"column":66}},"5":{"start":{"line":6,"column":0},"end":{"line":6,"column":43}}},"fnMap":{"0":{"name":"(anonymous_0)","decl":{"start":{"line":3,"column":17},"end":{"line":3,"column":18}},"loc":{"start":{"line":3,"column":27},"end":{"line":3,"column":52}},"line":3},"1":{"name":"(anonymous_1)","decl":{"start":{"line":4,"column":20},"end":{"line":4,"column":21}},"loc":{"start":{"line":4,"column":36},"end":{"line":4,"column":66}},"line":4}},"branchMap":{},"s":{"0":1,"1":1,"2":5,"3":1,"4":1,"5":1},"f":{"0":5,"1":1},"b":{},"_coverageSchema":"1a1c01bbd47fc00a2c39e90264f33305004495a9","hash":"37a66d8051f6b3b39dffbe54222cc70ab04cde3f"}
,"/Users/bayuaji/Documents/Online Hacktiv8/Fase 3/Final Project/be-services-users/helpers/jwt.js": {"path":"/Users/bayuaji/Documents/Online Hacktiv8/Fase 3/Final Project/be-services-users/helpers/jwt.js","statementMap":{"0":{"start":{"line":1,"column":12},"end":{"line":1,"column":35}},"1":{"start":{"line":2,"column":13},"end":{"line":2,"column":33}},"2":{"start":{"line":4,"column":18},"end":{"line":4,"column":54}},"3":{"start":{"line":4,"column":31},"end":{"line":4,"column":54}},"4":{"start":{"line":5,"column":20},"end":{"line":5,"column":54}},"5":{"start":{"line":5,"column":31},"end":{"line":5,"column":54}},"6":{"start":{"line":7,"column":0},"end":{"line":7,"column":44}}},"fnMap":{"0":{"name":"(anonymous_0)","decl":{"start":{"line":4,"column":18},"end":{"line":4,"column":19}},"loc":{"start":{"line":4,"column":31},"end":{"line":4,"column":54}},"line":4},"1":{"name":"(anonymous_1)","decl":{"start":{"line":5,"column":20},"end":{"line":5,"column":21}},"loc":{"start":{"line":5,"column":31},"end":{"line":5,"column":54}},"line":5}},"branchMap":{},"s":{"0":1,"1":1,"2":1,"3":2,"4":1,"5":0,"6":1},"f":{"0":2,"1":0},"b":{},"_coverageSchema":"1a1c01bbd47fc00a2c39e90264f33305004495a9","hash":"9c6184064562e8dfcb9f12dd2582f6e0737994c6"}
,"/Users/bayuaji/Documents/Online Hacktiv8/Fase 3/Final Project/be-services-users/helpers/midtrans.js": {"path":"/Users/bayuaji/Documents/Online Hacktiv8/Fase 3/Final Project/be-services-users/helpers/midtrans.js","statementMap":{"0":{"start":{"line":1,"column":23},"end":{"line":1,"column":49}},"1":{"start":{"line":36,"column":26},"end":{"line":45,"column":3}},"2":{"start":{"line":39,"column":15},"end":{"line":43,"column":6}},"3":{"start":{"line":44,"column":4},"end":{"line":44,"column":16}},"4":{"start":{"line":46,"column":23},"end":{"line":53,"column":3}},"5":{"start":{"line":48,"column":18},"end":{"line":50,"column":7}},"6":{"start":{"line":51,"column":6},"end":{"line":51,"column":19}},"7":{"start":{"line":56,"column":0},"end":{"line":56,"column":26}}},"fnMap":{"0":{"name":"(anonymous_0)","decl":{"start":{"line":36,"column":26},"end":{"line":36,"column":27}},"loc":{"start":{"line":36,"column":49},"end":{"line":45,"column":3}},"line":36},"1":{"name":"(anonymous_1)","decl":{"start":{"line":46,"column":23},"end":{"line":46,"column":24}},"loc":{"start":{"line":46,"column":61},"end":{"line":53,"column":3}},"line":46}},"branchMap":{},"s":{"0":1,"1":1,"2":1,"3":1,"4":1,"5":0,"6":0,"7":1},"f":{"0":1,"1":0},"b":{},"_coverageSchema":"1a1c01bbd47fc00a2c39e90264f33305004495a9","hash":"15f985287a0020cf396d869f64d6f044ae53836b"}
,"/Users/bayuaji/Documents/Online Hacktiv8/Fase 3/Final Project/be-services-users/middlewares/checkUser.js": {"path":"/Users/bayuaji/Documents/Online Hacktiv8/Fase 3/Final Project/be-services-users/middlewares/checkUser.js","statementMap":{"0":{"start":{"line":1,"column":17},"end":{"line":1,"column":37}},"1":{"start":{"line":2,"column":18},"end":{"line":11,"column":1}},"2":{"start":{"line":3,"column":2},"end":{"line":10,"column":3}},"3":{"start":{"line":4,"column":23},"end":{"line":4,"column":33}},"4":{"start":{"line":5,"column":21},"end":{"line":5,"column":48}},"5":{"start":{"line":6,"column":4},"end":{"line":6,"column":47}},"6":{"start":{"line":6,"column":19},"end":{"line":6,"column":47}},"7":{"start":{"line":7,"column":4},"end":{"line":7,"column":11}},"8":{"start":{"line":9,"column":4},"end":{"line":9,"column":16}},"9":{"start":{"line":13,"column":0},"end":{"line":13,"column":27}}},"fnMap":{"0":{"name":"(anonymous_0)","decl":{"start":{"line":2,"column":18},"end":{"line":2,"column":19}},"loc":{"start":{"line":2,"column":44},"end":{"line":11,"column":1}},"line":2}},"branchMap":{"0":{"loc":{"start":{"line":6,"column":4},"end":{"line":6,"column":47}},"type":"if","locations":[{"start":{"line":6,"column":4},"end":{"line":6,"column":47}},{"start":{},"end":{}}],"line":6}},"s":{"0":1,"1":1,"2":14,"3":14,"4":14,"5":14,"6":5,"7":9,"8":5,"9":1},"f":{"0":14},"b":{"0":[5,9]},"_coverageSchema":"1a1c01bbd47fc00a2c39e90264f33305004495a9","hash":"705948209f7893000cc891ab6ca2a17ed3634914"}
,"/Users/bayuaji/Documents/Online Hacktiv8/Fase 3/Final Project/be-services-users/middlewares/errorHandle.js": {"path":"/Users/bayuaji/Documents/Online Hacktiv8/Fase 3/Final Project/be-services-users/middlewares/errorHandle.js","statementMap":{"0":{"start":{"line":1,"column":15},"end":{"line":37,"column":1}},"1":{"start":{"line":5,"column":2},"end":{"line":35,"column":3}},"2":{"start":{"line":8,"column":6},"end":{"line":8,"column":23}},"3":{"start":{"line":9,"column":6},"end":{"line":9,"column":46}},"4":{"start":{"line":10,"column":6},"end":{"line":10,"column":12}},"5":{"start":{"line":12,"column":6},"end":{"line":12,"column":23}},"6":{"start":{"line":13,"column":6},"end":{"line":13,"column":50}},"7":{"start":{"line":14,"column":6},"end":{"line":14,"column":12}},"8":{"start":{"line":16,"column":6},"end":{"line":16,"column":23}},"9":{"start":{"line":17,"column":6},"end":{"line":17,"column":44}},"10":{"start":{"line":18,"column":6},"end":{"line":18,"column":12}},"11":{"start":{"line":20,"column":6},"end":{"line":20,"column":23}},"12":{"start":{"line":21,"column":6},"end":{"line":21,"column":43}},"13":{"start":{"line":22,"column":6},"end":{"line":22,"column":12}},"14":{"start":{"line":24,"column":6},"end":{"line":24,"column":23}},"15":{"start":{"line":25,"column":6},"end":{"line":25,"column":40}},"16":{"start":{"line":26,"column":6},"end":{"line":26,"column":12}},"17":{"start":{"line":32,"column":6},"end":{"line":32,"column":23}},"18":{"start":{"line":33,"column":6},"end":{"line":33,"column":46}},"19":{"start":{"line":34,"column":6},"end":{"line":34,"column":12}},"20":{"start":{"line":36,"column":2},"end":{"line":36,"column":58}},"21":{"start":{"line":39,"column":0},"end":{"line":39,"column":24}}},"fnMap":{"0":{"name":"(anonymous_0)","decl":{"start":{"line":1,"column":15},"end":{"line":1,"column":16}},"loc":{"start":{"line":1,"column":42},"end":{"line":37,"column":1}},"line":1}},"branchMap":{"0":{"loc":{"start":{"line":5,"column":2},"end":{"line":35,"column":3}},"type":"switch","locations":[{"start":{"line":6,"column":4},"end":{"line":6,"column":36}},{"start":{"line":7,"column":4},"end":{"line":10,"column":12}},{"start":{"line":11,"column":4},"end":{"line":14,"column":12}},{"start":{"line":15,"column":4},"end":{"line":18,"column":12}},{"start":{"line":19,"column":4},"end":{"line":22,"column":12}},{"start":{"line":23,"column":4},"end":{"line":26,"column":12}},{"start":{"line":31,"column":4},"end":{"line":34,"column":12}}],"line":5}},"s":{"0":1,"1":21,"2":8,"3":8,"4":8,"5":2,"6":2,"7":2,"8":1,"9":1,"10":1,"11":3,"12":3,"13":3,"14":6,"15":6,"16":6,"17":1,"18":1,"19":1,"20":21,"21":1},"f":{"0":21},"b":{"0":[6,8,2,1,3,6,1]},"_coverageSchema":"1a1c01bbd47fc00a2c39e90264f33305004495a9","hash":"29eefcbbc1d5997f05879328d9676d127ccf772b"}
,"/Users/bayuaji/Documents/Online Hacktiv8/Fase 3/Final Project/be-services-users/models/historybalance.js": {"path":"/Users/bayuaji/Documents/Online Hacktiv8/Fase 3/Final Project/be-services-users/models/historybalance.js","statementMap":{"0":{"start":{"line":2,"column":18},"end":{"line":2,"column":38}},"1":{"start":{"line":3,"column":0},"end":{"line":28,"column":2}},"2":{"start":{"line":12,"column":6},"end":{"line":12,"column":44}},"3":{"start":{"line":15,"column":2},"end":{"line":26,"column":4}},"4":{"start":{"line":27,"column":2},"end":{"line":27,"column":24}}},"fnMap":{"0":{"name":"(anonymous_0)","decl":{"start":{"line":3,"column":17},"end":{"line":3,"column":18}},"loc":{"start":{"line":3,"column":43},"end":{"line":28,"column":1}},"line":3},"1":{"name":"(anonymous_1)","decl":{"start":{"line":10,"column":4},"end":{"line":10,"column":5}},"loc":{"start":{"line":10,"column":29},"end":{"line":13,"column":5}},"line":10}},"branchMap":{},"s":{"0":1,"1":1,"2":1,"3":1,"4":1},"f":{"0":1,"1":1},"b":{},"_coverageSchema":"1a1c01bbd47fc00a2c39e90264f33305004495a9","hash":"3e4d5893760dacd669b8dfb996ccd92c96ef10bb"}
,"/Users/bayuaji/Documents/Online Hacktiv8/Fase 3/Final Project/be-services-users/models/index.js": {"path":"/Users/bayuaji/Documents/Online Hacktiv8/Fase 3/Final Project/be-services-users/models/index.js","statementMap":{"0":{"start":{"line":3,"column":11},"end":{"line":3,"column":24}},"1":{"start":{"line":4,"column":13},"end":{"line":4,"column":28}},"2":{"start":{"line":5,"column":18},"end":{"line":5,"column":38}},"3":{"start":{"line":6,"column":16},"end":{"line":6,"column":34}},"4":{"start":{"line":7,"column":17},"end":{"line":7,"column":42}},"5":{"start":{"line":8,"column":12},"end":{"line":8,"column":49}},"6":{"start":{"line":9,"column":15},"end":{"line":9,"column":65}},"7":{"start":{"line":10,"column":11},"end":{"line":10,"column":13}},"8":{"start":{"line":13,"column":0},"end":{"line":17,"column":1}},"9":{"start":{"line":14,"column":2},"end":{"line":14,"column":74}},"10":{"start":{"line":16,"column":2},"end":{"line":16,"column":87}},"11":{"start":{"line":19,"column":0},"end":{"line":32,"column":5}},"12":{"start":{"line":22,"column":4},"end":{"line":27,"column":6}},"13":{"start":{"line":30,"column":18},"end":{"line":30,"column":85}},"14":{"start":{"line":31,"column":4},"end":{"line":31,"column":27}},"15":{"start":{"line":34,"column":0},"end":{"line":38,"column":3}},"16":{"start":{"line":35,"column":2},"end":{"line":37,"column":3}},"17":{"start":{"line":36,"column":4},"end":{"line":36,"column":32}},"18":{"start":{"line":40,"column":0},"end":{"line":40,"column":25}},"19":{"start":{"line":41,"column":0},"end":{"line":41,"column":25}},"20":{"start":{"line":43,"column":0},"end":{"line":43,"column":20}}},"fnMap":{"0":{"name":"(anonymous_0)","decl":{"start":{"line":21,"column":10},"end":{"line":21,"column":11}},"loc":{"start":{"line":21,"column":18},"end":{"line":28,"column":3}},"line":21},"1":{"name":"(anonymous_1)","decl":{"start":{"line":29,"column":11},"end":{"line":29,"column":12}},"loc":{"start":{"line":29,"column":19},"end":{"line":32,"column":3}},"line":29},"2":{"name":"(anonymous_2)","decl":{"start":{"line":34,"column":24},"end":{"line":34,"column":25}},"loc":{"start":{"line":34,"column":37},"end":{"line":38,"column":1}},"line":34}},"branchMap":{"0":{"loc":{"start":{"line":8,"column":12},"end":{"line":8,"column":49}},"type":"binary-expr","locations":[{"start":{"line":8,"column":12},"end":{"line":8,"column":32}},{"start":{"line":8,"column":36},"end":{"line":8,"column":49}}],"line":8},"1":{"loc":{"start":{"line":13,"column":0},"end":{"line":17,"column":1}},"type":"if","locations":[{"start":{"line":13,"column":0},"end":{"line":17,"column":1}},{"start":{"line":15,"column":7},"end":{"line":17,"column":1}}],"line":13},"2":{"loc":{"start":{"line":23,"column":6},"end":{"line":26,"column":37}},"type":"binary-expr","locations":[{"start":{"line":23,"column":6},"end":{"line":23,"column":29}},{"start":{"line":24,"column":6},"end":{"line":24,"column":23}},{"start":{"line":25,"column":6},"end":{"line":25,"column":30}},{"start":{"line":26,"column":6},"end":{"line":26,"column":37}}],"line":23},"3":{"loc":{"start":{"line":35,"column":2},"end":{"line":37,"column":3}},"type":"if","locations":[{"start":{"line":35,"column":2},"end":{"line":37,"column":3}},{"start":{},"end":{}}],"line":35}},"s":{"0":1,"1":1,"2":1,"3":1,"4":1,"5":1,"6":1,"7":1,"8":1,"9":0,"10":1,"11":1,"12":3,"13":2,"14":2,"15":1,"16":2,"17":2,"18":1,"19":1,"20":1},"f":{"0":3,"1":2,"2":2},"b":{"0":[1,0],"1":[0,1],"2":[3,3,2,2],"3":[2,0]},"_coverageSchema":"1a1c01bbd47fc00a2c39e90264f33305004495a9","hash":"a0adfdb71b86efeaf681ceb36855f40d0719a8df"}
,"/Users/bayuaji/Documents/Online Hacktiv8/Fase 3/Final Project/be-services-users/models/user.js": {"path":"/Users/bayuaji/Documents/Online Hacktiv8/Fase 3/Final Project/be-services-users/models/user.js","statementMap":{"0":{"start":{"line":2,"column":18},"end":{"line":2,"column":38}},"1":{"start":{"line":3,"column":21},"end":{"line":3,"column":49}},"2":{"start":{"line":4,"column":0},"end":{"line":94,"column":2}},"3":{"start":{"line":13,"column":6},"end":{"line":13,"column":42}},"4":{"start":{"line":16,"column":2},"end":{"line":92,"column":4}},"5":{"start":{"line":87,"column":10},"end":{"line":87,"column":31}},"6":{"start":{"line":88,"column":10},"end":{"line":88,"column":58}},"7":{"start":{"line":93,"column":2},"end":{"line":93,"column":14}}},"fnMap":{"0":{"name":"(anonymous_0)","decl":{"start":{"line":4,"column":17},"end":{"line":4,"column":18}},"loc":{"start":{"line":4,"column":43},"end":{"line":94,"column":1}},"line":4},"1":{"name":"(anonymous_1)","decl":{"start":{"line":11,"column":4},"end":{"line":11,"column":5}},"loc":{"start":{"line":11,"column":29},"end":{"line":14,"column":5}},"line":11},"2":{"name":"(anonymous_2)","decl":{"start":{"line":86,"column":8},"end":{"line":86,"column":9}},"loc":{"start":{"line":86,"column":40},"end":{"line":89,"column":9}},"line":86}},"branchMap":{},"s":{"0":1,"1":1,"2":1,"3":1,"4":1,"5":3,"6":3,"7":1},"f":{"0":1,"1":1,"2":3},"b":{},"_coverageSchema":"1a1c01bbd47fc00a2c39e90264f33305004495a9","hash":"fe4d4e6c67f68d1b7f05feb155727f35f73d1efc"}
,"/Users/bayuaji/Documents/Online Hacktiv8/Fase 3/Final Project/be-services-users/routers/index.js": {"path":"/Users/bayuaji/Documents/Online Hacktiv8/Fase 3/Final Project/be-services-users/routers/index.js","statementMap":{"0":{"start":{"line":1,"column":19},"end":{"line":1,"column":50}},"1":{"start":{"line":2,"column":25},"end":{"line":2,"column":61}},"2":{"start":{"line":3,"column":18},"end":{"line":3,"column":53}},"3":{"start":{"line":5,"column":15},"end":{"line":5,"column":42}},"4":{"start":{"line":7,"column":0},"end":{"line":7,"column":46}},"5":{"start":{"line":8,"column":0},"end":{"line":8,"column":40}},"6":{"start":{"line":9,"column":0},"end":{"line":9,"column":41}},"7":{"start":{"line":10,"column":0},"end":{"line":10,"column":47}},"8":{"start":{"line":12,"column":0},"end":{"line":12,"column":72}},"9":{"start":{"line":13,"column":0},"end":{"line":13,"column":68}},"10":{"start":{"line":14,"column":0},"end":{"line":14,"column":76}},"11":{"start":{"line":16,"column":0},"end":{"line":20,"column":2}},"12":{"start":{"line":22,"column":0},"end":{"line":22,"column":54}},"13":{"start":{"line":23,"column":0},"end":{"line":23,"column":71}},"14":{"start":{"line":24,"column":0},"end":{"line":24,"column":57}},"15":{"start":{"line":25,"column":0},"end":{"line":25,"column":57}},"16":{"start":{"line":28,"column":0},"end":{"line":32,"column":2}},"17":{"start":{"line":33,"column":0},"end":{"line":33,"column":24}}},"fnMap":{},"branchMap":{},"s":{"0":1,"1":1,"2":1,"3":1,"4":1,"5":1,"6":1,"7":1,"8":1,"9":1,"10":1,"11":1,"12":1,"13":1,"14":1,"15":1,"16":1,"17":1},"f":{},"b":{},"_coverageSchema":"1a1c01bbd47fc00a2c39e90264f33305004495a9","hash":"2588856ff153e38b32ad362987c81688c77f45ef"}
}
