{"/Users/bayuaji/Documents/Online Hacktiv8/Fase 3/Final Project/be-services-users/app.js": {"path":"/Users/bayuaji/Documents/Online Hacktiv8/Fase 3/Final Project/be-services-users/app.js","statementMap":{"0":{"start":{"line":1,"column":0},"end":{"line":3,"column":1}},"1":{"start":{"line":2,"column":2},"end":{"line":2,"column":29}},"2":{"start":{"line":5,"column":16},"end":{"line":5,"column":34}},"3":{"start":{"line":6,"column":12},"end":{"line":6,"column":21}},"4":{"start":{"line":8,"column":15},"end":{"line":8,"column":35}},"5":{"start":{"line":9,"column":13},"end":{"line":9,"column":37}},"6":{"start":{"line":10,"column":13},"end":{"line":10,"column":28}},"7":{"start":{"line":11,"column":15},"end":{"line":11,"column":51}},"8":{"start":{"line":13,"column":0},"end":{"line":13,"column":16}},"9":{"start":{"line":17,"column":0},"end":{"line":17,"column":24}},"10":{"start":{"line":18,"column":0},"end":{"line":18,"column":49}},"11":{"start":{"line":19,"column":0},"end":{"line":19,"column":16}},"12":{"start":{"line":20,"column":0},"end":{"line":20,"column":16}},"13":{"start":{"line":26,"column":0},"end":{"line":26,"column":21}}},"fnMap":{},"branchMap":{"0":{"loc":{"start":{"line":1,"column":0},"end":{"line":3,"column":1}},"type":"if","locations":[{"start":{"line":1,"column":0},"end":{"line":3,"column":1}},{"start":{},"end":{}}],"line":1},"1":{"loc":{"start":{"line":9,"column":13},"end":{"line":9,"column":37}},"type":"binary-expr","locations":[{"start":{"line":9,"column":13},"end":{"line":9,"column":29}},{"start":{"line":9,"column":33},"end":{"line":9,"column":37}}],"line":9}},"s":{"0":1,"1":1,"2":1,"3":1,"4":1,"5":1,"6":1,"7":1,"8":1,"9":1,"10":1,"11":1,"12":1,"13":1},"f":{},"b":{"0":[1,0],"1":[1,1]},"_coverageSchema":"1a1c01bbd47fc00a2c39e90264f33305004495a9","hash":"9030190a69a1a172eed6a9d6ea5e6ba8e9c07cc4"}
,"/Users/bayuaji/Documents/Online Hacktiv8/Fase 3/Final Project/be-services-users/controllers/index.js": {"path":"/Users/bayuaji/Documents/Online Hacktiv8/Fase 3/Final Project/be-services-users/controllers/index.js","statementMap":{"0":{"start":{"line":1,"column":34},"end":{"line":1,"column":62}},"1":{"start":{"line":2,"column":22},"end":{"line":2,"column":47}},"2":{"start":{"line":3,"column":15},"end":{"line":3,"column":65}},"3":{"start":{"line":4,"column":14},"end":{"line":4,"column":30}},"4":{"start":{"line":5,"column":33},"end":{"line":5,"column":53}},"5":{"start":{"line":8,"column":4},"end":{"line":36,"column":5}},"6":{"start":{"line":10,"column":8},"end":{"line":10,"column":16}},"7":{"start":{"line":11,"column":22},"end":{"line":19,"column":8}},"8":{"start":{"line":20,"column":6},"end":{"line":25,"column":7}},"9":{"start":{"line":21,"column":8},"end":{"line":24,"column":11}},"10":{"start":{"line":27,"column":25},"end":{"line":31,"column":7}},"11":{"start":{"line":33,"column":6},"end":{"line":33,"column":39}},"12":{"start":{"line":35,"column":6},"end":{"line":35,"column":18}},"13":{"start":{"line":40,"column":4},"end":{"line":64,"column":5}},"14":{"start":{"line":41,"column":34},"end":{"line":41,"column":42}},"15":{"start":{"line":42,"column":6},"end":{"line":44,"column":7}},"16":{"start":{"line":43,"column":8},"end":{"line":43,"column":62}},"17":{"start":{"line":45,"column":6},"end":{"line":47,"column":7}},"18":{"start":{"line":46,"column":8},"end":{"line":46,"column":65}},"19":{"start":{"line":48,"column":24},"end":{"line":48,"column":64}},"20":{"start":{"line":50,"column":6},"end":{"line":50,"column":48}},"21":{"start":{"line":50,"column":22},"end":{"line":50,"column":48}},"22":{"start":{"line":51,"column":6},"end":{"line":51,"column":80}},"23":{"start":{"line":51,"column":54},"end":{"line":51,"column":80}},"24":{"start":{"line":52,"column":20},"end":{"line":55,"column":8}},"25":{"start":{"line":56,"column":6},"end":{"line":61,"column":9}},"26":{"start":{"line":63,"column":6},"end":{"line":63,"column":18}},"27":{"start":{"line":67,"column":4},"end":{"line":74,"column":5}},"28":{"start":{"line":68,"column":23},"end":{"line":70,"column":8}},"29":{"start":{"line":71,"column":6},"end":{"line":71,"column":37}},"30":{"start":{"line":73,"column":6},"end":{"line":73,"column":18}},"31":{"start":{"line":77,"column":4},"end":{"line":88,"column":5}},"32":{"start":{"line":78,"column":21},"end":{"line":78,"column":31}},"33":{"start":{"line":80,"column":21},"end":{"line":82,"column":8}},"34":{"start":{"line":84,"column":6},"end":{"line":84,"column":47}},"35":{"start":{"line":84,"column":19},"end":{"line":84,"column":47}},"36":{"start":{"line":85,"column":6},"end":{"line":85,"column":35}},"37":{"start":{"line":87,"column":6},"end":{"line":87,"column":18}},"38":{"start":{"line":93,"column":4},"end":{"line":102,"column":5}},"39":{"start":{"line":94,"column":25},"end":{"line":94,"column":35}},"40":{"start":{"line":95,"column":25},"end":{"line":98,"column":8}},"41":{"start":{"line":99,"column":6},"end":{"line":99,"column":39}},"42":{"start":{"line":101,"column":6},"end":{"line":101,"column":18}},"43":{"start":{"line":106,"column":0},"end":{"line":106,"column":28}}},"fnMap":{"0":{"name":"(anonymous_0)","decl":{"start":{"line":7,"column":2},"end":{"line":7,"column":3}},"loc":{"start":{"line":7,"column":40},"end":{"line":37,"column":3}},"line":7},"1":{"name":"(anonymous_1)","decl":{"start":{"line":39,"column":2},"end":{"line":39,"column":3}},"loc":{"start":{"line":39,"column":37},"end":{"line":65,"column":3}},"line":39},"2":{"name":"(anonymous_2)","decl":{"start":{"line":66,"column":2},"end":{"line":66,"column":3}},"loc":{"start":{"line":66,"column":39},"end":{"line":75,"column":3}},"line":66},"3":{"name":"(anonymous_3)","decl":{"start":{"line":76,"column":2},"end":{"line":76,"column":3}},"loc":{"start":{"line":76,"column":41},"end":{"line":89,"column":3}},"line":76},"4":{"name":"(anonymous_4)","decl":{"start":{"line":91,"column":2},"end":{"line":91,"column":3}},"loc":{"start":{"line":91,"column":49},"end":{"line":103,"column":3}},"line":91}},"branchMap":{"0":{"loc":{"start":{"line":20,"column":6},"end":{"line":25,"column":7}},"type":"if","locations":[{"start":{"line":20,"column":6},"end":{"line":25,"column":7}},{"start":{},"end":{}}],"line":20},"1":{"loc":{"start":{"line":42,"column":6},"end":{"line":44,"column":7}},"type":"if","locations":[{"start":{"line":42,"column":6},"end":{"line":44,"column":7}},{"start":{},"end":{}}],"line":42},"2":{"loc":{"start":{"line":42,"column":10},"end":{"line":42,"column":31}},"type":"binary-expr","locations":[{"start":{"line":42,"column":10},"end":{"line":42,"column":16}},{"start":{"line":42,"column":20},"end":{"line":42,"column":31}}],"line":42},"3":{"loc":{"start":{"line":45,"column":6},"end":{"line":47,"column":7}},"type":"if","locations":[{"start":{"line":45,"column":6},"end":{"line":47,"column":7}},{"start":{},"end":{}}],"line":45},"4":{"loc":{"start":{"line":45,"column":10},"end":{"line":45,"column":37}},"type":"binary-expr","locations":[{"start":{"line":45,"column":10},"end":{"line":45,"column":19}},{"start":{"line":45,"column":23},"end":{"line":45,"column":37}}],"line":45},"5":{"loc":{"start":{"line":50,"column":6},"end":{"line":50,"column":48}},"type":"if","locations":[{"start":{"line":50,"column":6},"end":{"line":50,"column":48}},{"start":{},"end":{}}],"line":50},"6":{"loc":{"start":{"line":51,"column":6},"end":{"line":51,"column":80}},"type":"if","locations":[{"start":{"line":51,"column":6},"end":{"line":51,"column":80}},{"start":{},"end":{}}],"line":51},"7":{"loc":{"start":{"line":84,"column":6},"end":{"line":84,"column":47}},"type":"if","locations":[{"start":{"line":84,"column":6},"end":{"line":84,"column":47}},{"start":{},"end":{}}],"line":84}},"s":{"0":1,"1":1,"2":1,"3":1,"4":1,"5":9,"6":9,"7":9,"8":0,"9":0,"10":0,"11":0,"12":9,"13":4,"14":4,"15":4,"16":1,"17":4,"18":1,"19":4,"20":0,"21":0,"22":0,"23":0,"24":0,"25":0,"26":4,"27":1,"28":1,"29":0,"30":1,"31":2,"32":2,"33":2,"34":0,"35":0,"36":0,"37":2,"38":0,"39":0,"40":0,"41":0,"42":0,"43":1},"f":{"0":9,"1":4,"2":1,"3":2,"4":0},"b":{"0":[0,0],"1":[1,3],"2":[4,3],"3":[1,3],"4":[4,3],"5":[0,0],"6":[0,0],"7":[0,0]},"_coverageSchema":"1a1c01bbd47fc00a2c39e90264f33305004495a9","hash":"5447dd7a0bf3722e96aa923639de48e4923e8e31"}
,"/Users/bayuaji/Documents/Online Hacktiv8/Fase 3/Final Project/be-services-users/controllers/updateData.js": {"path":"/Users/bayuaji/Documents/Online Hacktiv8/Fase 3/Final Project/be-services-users/controllers/updateData.js","statementMap":{"0":{"start":{"line":1,"column":23},"end":{"line":1,"column":53}},"1":{"start":{"line":2,"column":33},"end":{"line":2,"column":53}},"2":{"start":{"line":6,"column":8},"end":{"line":16,"column":9}},"3":{"start":{"line":7,"column":31},"end":{"line":7,"column":41}},"4":{"start":{"line":8,"column":37},"end":{"line":8,"column":45}},"5":{"start":{"line":9,"column":32},"end":{"line":9,"column":94}},"6":{"start":{"line":11,"column":12},"end":{"line":11,"column":58}},"7":{"start":{"line":11,"column":31},"end":{"line":11,"column":58}},"8":{"start":{"line":12,"column":12},"end":{"line":12,"column":70}},"9":{"start":{"line":15,"column":12},"end":{"line":15,"column":24}},"10":{"start":{"line":19,"column":8},"end":{"line":32,"column":9}},"11":{"start":{"line":20,"column":32},"end":{"line":20,"column":40}},"12":{"start":{"line":21,"column":31},"end":{"line":21,"column":41}},"13":{"start":{"line":22,"column":25},"end":{"line":22,"column":52}},"14":{"start":{"line":23,"column":29},"end":{"line":25,"column":13}},"15":{"start":{"line":26,"column":12},"end":{"line":26,"column":37}},"16":{"start":{"line":27,"column":31},"end":{"line":27,"column":70}},"17":{"start":{"line":28,"column":12},"end":{"line":28,"column":36}},"18":{"start":{"line":29,"column":12},"end":{"line":29,"column":45}},"19":{"start":{"line":31,"column":12},"end":{"line":31,"column":24}},"20":{"start":{"line":35,"column":8},"end":{"line":58,"column":9}},"21":{"start":{"line":36,"column":31},"end":{"line":36,"column":41}},"22":{"start":{"line":37,"column":32},"end":{"line":37,"column":40}},"23":{"start":{"line":38,"column":25},"end":{"line":38,"column":52}},"24":{"start":{"line":39,"column":29},"end":{"line":41,"column":13}},"25":{"start":{"line":42,"column":12},"end":{"line":42,"column":37}},"26":{"start":{"line":43,"column":27},"end":{"line":43,"column":65}},"27":{"start":{"line":44,"column":12},"end":{"line":44,"column":78}},"28":{"start":{"line":45,"column":12},"end":{"line":50,"column":15}},"29":{"start":{"line":51,"column":33},"end":{"line":51,"column":60}},"30":{"start":{"line":52,"column":12},"end":{"line":52,"column":91}},"31":{"start":{"line":57,"column":12},"end":{"line":57,"column":24}},"32":{"start":{"line":62,"column":8},"end":{"line":80,"column":9}},"33":{"start":{"line":63,"column":31},"end":{"line":63,"column":41}},"34":{"start":{"line":64,"column":32},"end":{"line":64,"column":40}},"35":{"start":{"line":65,"column":25},"end":{"line":65,"column":52}},"36":{"start":{"line":66,"column":27},"end":{"line":66,"column":65}},"37":{"start":{"line":67,"column":12},"end":{"line":67,"column":56}},"38":{"start":{"line":67,"column":28},"end":{"line":67,"column":56}},"39":{"start":{"line":68,"column":12},"end":{"line":68,"column":78}},"40":{"start":{"line":69,"column":12},"end":{"line":74,"column":15}},"41":{"start":{"line":75,"column":33},"end":{"line":75,"column":60}},"42":{"start":{"line":76,"column":12},"end":{"line":76,"column":91}},"43":{"start":{"line":79,"column":12},"end":{"line":79,"column":24}},"44":{"start":{"line":84,"column":0},"end":{"line":84,"column":34}}},"fnMap":{"0":{"name":"(anonymous_0)","decl":{"start":{"line":5,"column":4},"end":{"line":5,"column":5}},"loc":{"start":{"line":5,"column":45},"end":{"line":17,"column":5}},"line":5},"1":{"name":"(anonymous_1)","decl":{"start":{"line":18,"column":4},"end":{"line":18,"column":5}},"loc":{"start":{"line":18,"column":41},"end":{"line":33,"column":5}},"line":18},"2":{"name":"(anonymous_2)","decl":{"start":{"line":34,"column":4},"end":{"line":34,"column":5}},"loc":{"start":{"line":34,"column":44},"end":{"line":59,"column":5}},"line":34},"3":{"name":"(anonymous_3)","decl":{"start":{"line":61,"column":4},"end":{"line":61,"column":5}},"loc":{"start":{"line":61,"column":48},"end":{"line":81,"column":5}},"line":61}},"branchMap":{"0":{"loc":{"start":{"line":11,"column":12},"end":{"line":11,"column":58}},"type":"if","locations":[{"start":{"line":11,"column":12},"end":{"line":11,"column":58}},{"start":{},"end":{}}],"line":11},"1":{"loc":{"start":{"line":67,"column":12},"end":{"line":67,"column":56}},"type":"if","locations":[{"start":{"line":67,"column":12},"end":{"line":67,"column":56}},{"start":{},"end":{}}],"line":67}},"s":{"0":1,"1":1,"2":0,"3":0,"4":0,"5":0,"6":0,"7":0,"8":0,"9":0,"10":0,"11":0,"12":0,"13":0,"14":0,"15":0,"16":0,"17":0,"18":0,"19":0,"20":0,"21":0,"22":0,"23":0,"24":0,"25":0,"26":0,"27":0,"28":0,"29":0,"30":0,"31":0,"32":0,"33":0,"34":0,"35":0,"36":0,"37":0,"38":0,"39":0,"40":0,"41":0,"42":0,"43":0,"44":1},"f":{"0":0,"1":0,"2":0,"3":0},"b":{"0":[0,0],"1":[0,0]},"_coverageSchema":"1a1c01bbd47fc00a2c39e90264f33305004495a9","hash":"b4bb8731f44f1f1b1ec3b86a60420eb371d13d12"}
,"/Users/bayuaji/Documents/Online Hacktiv8/Fase 3/Final Project/be-services-users/helpers/bcrypt.js": {"path":"/Users/bayuaji/Documents/Online Hacktiv8/Fase 3/Final Project/be-services-users/helpers/bcrypt.js","statementMap":{"0":{"start":{"line":1,"column":15},"end":{"line":1,"column":34}},"1":{"start":{"line":3,"column":17},"end":{"line":3,"column":52}},"2":{"start":{"line":3,"column":27},"end":{"line":3,"column":52}},"3":{"start":{"line":4,"column":20},"end":{"line":4,"column":66}},"4":{"start":{"line":4,"column":36},"end":{"line":4,"column":66}},"5":{"start":{"line":6,"column":0},"end":{"line":6,"column":43}}},"fnMap":{"0":{"name":"(anonymous_0)","decl":{"start":{"line":3,"column":17},"end":{"line":3,"column":18}},"loc":{"start":{"line":3,"column":27},"end":{"line":3,"column":52}},"line":3},"1":{"name":"(anonymous_1)","decl":{"start":{"line":4,"column":20},"end":{"line":4,"column":21}},"loc":{"start":{"line":4,"column":36},"end":{"line":4,"column":66}},"line":4}},"branchMap":{},"s":{"0":1,"1":1,"2":5,"3":1,"4":0,"5":1},"f":{"0":5,"1":0},"b":{},"_coverageSchema":"1a1c01bbd47fc00a2c39e90264f33305004495a9","hash":"37a66d8051f6b3b39dffbe54222cc70ab04cde3f"}
,"/Users/bayuaji/Documents/Online Hacktiv8/Fase 3/Final Project/be-services-users/helpers/jwt.js": {"path":"/Users/bayuaji/Documents/Online Hacktiv8/Fase 3/Final Project/be-services-users/helpers/jwt.js","statementMap":{"0":{"start":{"line":1,"column":12},"end":{"line":1,"column":35}},"1":{"start":{"line":2,"column":13},"end":{"line":2,"column":33}},"2":{"start":{"line":4,"column":18},"end":{"line":4,"column":54}},"3":{"start":{"line":4,"column":31},"end":{"line":4,"column":54}},"4":{"start":{"line":5,"column":20},"end":{"line":5,"column":54}},"5":{"start":{"line":5,"column":31},"end":{"line":5,"column":54}},"6":{"start":{"line":7,"column":0},"end":{"line":7,"column":44}}},"fnMap":{"0":{"name":"(anonymous_0)","decl":{"start":{"line":4,"column":18},"end":{"line":4,"column":19}},"loc":{"start":{"line":4,"column":31},"end":{"line":4,"column":54}},"line":4},"1":{"name":"(anonymous_1)","decl":{"start":{"line":5,"column":20},"end":{"line":5,"column":21}},"loc":{"start":{"line":5,"column":31},"end":{"line":5,"column":54}},"line":5}},"branchMap":{},"s":{"0":1,"1":1,"2":1,"3":0,"4":1,"5":0,"6":1},"f":{"0":0,"1":0},"b":{},"_coverageSchema":"1a1c01bbd47fc00a2c39e90264f33305004495a9","hash":"9c6184064562e8dfcb9f12dd2582f6e0737994c6"}
,"/Users/bayuaji/Documents/Online Hacktiv8/Fase 3/Final Project/be-services-users/helpers/midtrans.js": {"path":"/Users/bayuaji/Documents/Online Hacktiv8/Fase 3/Final Project/be-services-users/helpers/midtrans.js","statementMap":{"0":{"start":{"line":1,"column":23},"end":{"line":1,"column":49}},"1":{"start":{"line":2,"column":23},"end":{"line":33,"column":1}},"2":{"start":{"line":4,"column":2},"end":{"line":4,"column":16}},"3":{"start":{"line":5,"column":13},"end":{"line":9,"column":4}},"4":{"start":{"line":11,"column":18},"end":{"line":26,"column":3}},"5":{"start":{"line":27,"column":14},"end":{"line":31,"column":4}},"6":{"start":{"line":29,"column":27},"end":{"line":29,"column":38}},"7":{"start":{"line":30,"column":4},"end":{"line":30,"column":28}},"8":{"start":{"line":32,"column":2},"end":{"line":32,"column":15}},"9":{"start":{"line":35,"column":0},"end":{"line":35,"column":32}}},"fnMap":{"0":{"name":"(anonymous_0)","decl":{"start":{"line":2,"column":23},"end":{"line":2,"column":24}},"loc":{"start":{"line":2,"column":40},"end":{"line":33,"column":1}},"line":2},"1":{"name":"(anonymous_1)","decl":{"start":{"line":27,"column":53},"end":{"line":27,"column":54}},"loc":{"start":{"line":27,"column":70},"end":{"line":31,"column":3}},"line":27}},"branchMap":{},"s":{"0":1,"1":1,"2":0,"3":0,"4":0,"5":0,"6":0,"7":0,"8":0,"9":1},"f":{"0":0,"1":0},"b":{},"_coverageSchema":"1a1c01bbd47fc00a2c39e90264f33305004495a9","hash":"352e8ba6ad4da8997c0768a5f8dd8ca9fec99c8f"}
,"/Users/bayuaji/Documents/Online Hacktiv8/Fase 3/Final Project/be-services-users/middlewares/checkUser.js": {"path":"/Users/bayuaji/Documents/Online Hacktiv8/Fase 3/Final Project/be-services-users/middlewares/checkUser.js","statementMap":{"0":{"start":{"line":1,"column":17},"end":{"line":1,"column":37}},"1":{"start":{"line":2,"column":18},"end":{"line":11,"column":1}},"2":{"start":{"line":3,"column":2},"end":{"line":10,"column":3}},"3":{"start":{"line":4,"column":23},"end":{"line":4,"column":33}},"4":{"start":{"line":5,"column":21},"end":{"line":5,"column":48}},"5":{"start":{"line":6,"column":4},"end":{"line":6,"column":47}},"6":{"start":{"line":6,"column":19},"end":{"line":6,"column":47}},"7":{"start":{"line":7,"column":4},"end":{"line":7,"column":11}},"8":{"start":{"line":9,"column":4},"end":{"line":9,"column":16}},"9":{"start":{"line":13,"column":0},"end":{"line":13,"column":27}}},"fnMap":{"0":{"name":"(anonymous_0)","decl":{"start":{"line":2,"column":18},"end":{"line":2,"column":19}},"loc":{"start":{"line":2,"column":44},"end":{"line":11,"column":1}},"line":2}},"branchMap":{"0":{"loc":{"start":{"line":6,"column":4},"end":{"line":6,"column":47}},"type":"if","locations":[{"start":{"line":6,"column":4},"end":{"line":6,"column":47}},{"start":{},"end":{}}],"line":6}},"s":{"0":1,"1":1,"2":10,"3":10,"4":10,"5":0,"6":0,"7":0,"8":10,"9":1},"f":{"0":10},"b":{"0":[0,0]},"_coverageSchema":"1a1c01bbd47fc00a2c39e90264f33305004495a9","hash":"705948209f7893000cc891ab6ca2a17ed3634914"}
,"/Users/bayuaji/Documents/Online Hacktiv8/Fase 3/Final Project/be-services-users/middlewares/errorHandle.js": {"path":"/Users/bayuaji/Documents/Online Hacktiv8/Fase 3/Final Project/be-services-users/middlewares/errorHandle.js","statementMap":{"0":{"start":{"line":1,"column":15},"end":{"line":34,"column":1}},"1":{"start":{"line":2,"column":2},"end":{"line":2,"column":21}},"2":{"start":{"line":5,"column":2},"end":{"line":32,"column":3}},"3":{"start":{"line":8,"column":6},"end":{"line":8,"column":23}},"4":{"start":{"line":9,"column":6},"end":{"line":9,"column":46}},"5":{"start":{"line":10,"column":6},"end":{"line":10,"column":12}},"6":{"start":{"line":12,"column":6},"end":{"line":12,"column":23}},"7":{"start":{"line":13,"column":6},"end":{"line":13,"column":50}},"8":{"start":{"line":14,"column":6},"end":{"line":14,"column":12}},"9":{"start":{"line":16,"column":6},"end":{"line":16,"column":23}},"10":{"start":{"line":17,"column":6},"end":{"line":17,"column":44}},"11":{"start":{"line":18,"column":6},"end":{"line":18,"column":12}},"12":{"start":{"line":20,"column":6},"end":{"line":20,"column":23}},"13":{"start":{"line":21,"column":6},"end":{"line":21,"column":43}},"14":{"start":{"line":22,"column":6},"end":{"line":22,"column":12}},"15":{"start":{"line":24,"column":6},"end":{"line":24,"column":23}},"16":{"start":{"line":25,"column":6},"end":{"line":25,"column":40}},"17":{"start":{"line":26,"column":6},"end":{"line":26,"column":12}},"18":{"start":{"line":29,"column":6},"end":{"line":29,"column":23}},"19":{"start":{"line":30,"column":6},"end":{"line":30,"column":46}},"20":{"start":{"line":31,"column":6},"end":{"line":31,"column":12}},"21":{"start":{"line":33,"column":2},"end":{"line":33,"column":58}},"22":{"start":{"line":36,"column":0},"end":{"line":36,"column":24}}},"fnMap":{"0":{"name":"(anonymous_0)","decl":{"start":{"line":1,"column":15},"end":{"line":1,"column":16}},"loc":{"start":{"line":1,"column":42},"end":{"line":34,"column":1}},"line":1}},"branchMap":{"0":{"loc":{"start":{"line":5,"column":2},"end":{"line":32,"column":3}},"type":"switch","locations":[{"start":{"line":6,"column":4},"end":{"line":6,"column":36}},{"start":{"line":7,"column":4},"end":{"line":10,"column":12}},{"start":{"line":11,"column":4},"end":{"line":14,"column":12}},{"start":{"line":15,"column":4},"end":{"line":18,"column":12}},{"start":{"line":19,"column":4},"end":{"line":22,"column":12}},{"start":{"line":23,"column":4},"end":{"line":26,"column":12}},{"start":{"line":28,"column":4},"end":{"line":31,"column":12}}],"line":5}},"s":{"0":1,"1":26,"2":26,"3":6,"4":6,"5":6,"6":0,"7":0,"8":0,"9":0,"10":0,"11":0,"12":0,"13":0,"14":0,"15":0,"16":0,"17":0,"18":20,"19":20,"20":20,"21":26,"22":1},"f":{"0":26},"b":{"0":[6,6,0,0,0,0,20]},"_coverageSchema":"1a1c01bbd47fc00a2c39e90264f33305004495a9","hash":"47d6647cbaf741b5b7a7ac24d1db7e5a109cd56e"}
,"/Users/bayuaji/Documents/Online Hacktiv8/Fase 3/Final Project/be-services-users/models/historybalance.js": {"path":"/Users/bayuaji/Documents/Online Hacktiv8/Fase 3/Final Project/be-services-users/models/historybalance.js","statementMap":{"0":{"start":{"line":2,"column":18},"end":{"line":2,"column":38}},"1":{"start":{"line":3,"column":0},"end":{"line":28,"column":2}},"2":{"start":{"line":12,"column":6},"end":{"line":12,"column":44}},"3":{"start":{"line":15,"column":2},"end":{"line":26,"column":4}},"4":{"start":{"line":27,"column":2},"end":{"line":27,"column":24}}},"fnMap":{"0":{"name":"(anonymous_0)","decl":{"start":{"line":3,"column":17},"end":{"line":3,"column":18}},"loc":{"start":{"line":3,"column":43},"end":{"line":28,"column":1}},"line":3},"1":{"name":"(anonymous_1)","decl":{"start":{"line":10,"column":4},"end":{"line":10,"column":5}},"loc":{"start":{"line":10,"column":29},"end":{"line":13,"column":5}},"line":10}},"branchMap":{},"s":{"0":1,"1":1,"2":1,"3":1,"4":1},"f":{"0":1,"1":1},"b":{},"_coverageSchema":"1a1c01bbd47fc00a2c39e90264f33305004495a9","hash":"3e4d5893760dacd669b8dfb996ccd92c96ef10bb"}
,"/Users/bayuaji/Documents/Online Hacktiv8/Fase 3/Final Project/be-services-users/models/index.js": {"path":"/Users/bayuaji/Documents/Online Hacktiv8/Fase 3/Final Project/be-services-users/models/index.js","statementMap":{"0":{"start":{"line":3,"column":11},"end":{"line":3,"column":24}},"1":{"start":{"line":4,"column":13},"end":{"line":4,"column":28}},"2":{"start":{"line":5,"column":18},"end":{"line":5,"column":38}},"3":{"start":{"line":6,"column":16},"end":{"line":6,"column":34}},"4":{"start":{"line":7,"column":17},"end":{"line":7,"column":42}},"5":{"start":{"line":8,"column":12},"end":{"line":8,"column":49}},"6":{"start":{"line":9,"column":15},"end":{"line":9,"column":65}},"7":{"start":{"line":10,"column":11},"end":{"line":10,"column":13}},"8":{"start":{"line":13,"column":0},"end":{"line":17,"column":1}},"9":{"start":{"line":14,"column":2},"end":{"line":14,"column":74}},"10":{"start":{"line":16,"column":2},"end":{"line":16,"column":87}},"11":{"start":{"line":19,"column":0},"end":{"line":32,"column":5}},"12":{"start":{"line":22,"column":4},"end":{"line":27,"column":6}},"13":{"start":{"line":30,"column":18},"end":{"line":30,"column":85}},"14":{"start":{"line":31,"column":4},"end":{"line":31,"column":27}},"15":{"start":{"line":34,"column":0},"end":{"line":38,"column":3}},"16":{"start":{"line":35,"column":2},"end":{"line":37,"column":3}},"17":{"start":{"line":36,"column":4},"end":{"line":36,"column":32}},"18":{"start":{"line":40,"column":0},"end":{"line":40,"column":25}},"19":{"start":{"line":41,"column":0},"end":{"line":41,"column":25}},"20":{"start":{"line":43,"column":0},"end":{"line":43,"column":20}}},"fnMap":{"0":{"name":"(anonymous_0)","decl":{"start":{"line":21,"column":10},"end":{"line":21,"column":11}},"loc":{"start":{"line":21,"column":18},"end":{"line":28,"column":3}},"line":21},"1":{"name":"(anonymous_1)","decl":{"start":{"line":29,"column":11},"end":{"line":29,"column":12}},"loc":{"start":{"line":29,"column":19},"end":{"line":32,"column":3}},"line":29},"2":{"name":"(anonymous_2)","decl":{"start":{"line":34,"column":24},"end":{"line":34,"column":25}},"loc":{"start":{"line":34,"column":37},"end":{"line":38,"column":1}},"line":34}},"branchMap":{"0":{"loc":{"start":{"line":8,"column":12},"end":{"line":8,"column":49}},"type":"binary-expr","locations":[{"start":{"line":8,"column":12},"end":{"line":8,"column":32}},{"start":{"line":8,"column":36},"end":{"line":8,"column":49}}],"line":8},"1":{"loc":{"start":{"line":13,"column":0},"end":{"line":17,"column":1}},"type":"if","locations":[{"start":{"line":13,"column":0},"end":{"line":17,"column":1}},{"start":{"line":15,"column":7},"end":{"line":17,"column":1}}],"line":13},"2":{"loc":{"start":{"line":23,"column":6},"end":{"line":26,"column":37}},"type":"binary-expr","locations":[{"start":{"line":23,"column":6},"end":{"line":23,"column":29}},{"start":{"line":24,"column":6},"end":{"line":24,"column":23}},{"start":{"line":25,"column":6},"end":{"line":25,"column":30}},{"start":{"line":26,"column":6},"end":{"line":26,"column":37}}],"line":23},"3":{"loc":{"start":{"line":35,"column":2},"end":{"line":37,"column":3}},"type":"if","locations":[{"start":{"line":35,"column":2},"end":{"line":37,"column":3}},{"start":{},"end":{}}],"line":35}},"s":{"0":1,"1":1,"2":1,"3":1,"4":1,"5":1,"6":1,"7":1,"8":1,"9":0,"10":1,"11":1,"12":3,"13":2,"14":2,"15":1,"16":2,"17":2,"18":1,"19":1,"20":1},"f":{"0":3,"1":2,"2":2},"b":{"0":[1,0],"1":[0,1],"2":[3,3,2,2],"3":[2,0]},"_coverageSchema":"1a1c01bbd47fc00a2c39e90264f33305004495a9","hash":"a0adfdb71b86efeaf681ceb36855f40d0719a8df"}
,"/Users/bayuaji/Documents/Online Hacktiv8/Fase 3/Final Project/be-services-users/models/user.js": {"path":"/Users/bayuaji/Documents/Online Hacktiv8/Fase 3/Final Project/be-services-users/models/user.js","statementMap":{"0":{"start":{"line":2,"column":18},"end":{"line":2,"column":38}},"1":{"start":{"line":3,"column":21},"end":{"line":3,"column":49}},"2":{"start":{"line":4,"column":0},"end":{"line":94,"column":2}},"3":{"start":{"line":13,"column":6},"end":{"line":13,"column":42}},"4":{"start":{"line":16,"column":2},"end":{"line":92,"column":4}},"5":{"start":{"line":87,"column":10},"end":{"line":87,"column":31}},"6":{"start":{"line":88,"column":10},"end":{"line":88,"column":58}},"7":{"start":{"line":93,"column":2},"end":{"line":93,"column":14}}},"fnMap":{"0":{"name":"(anonymous_0)","decl":{"start":{"line":4,"column":17},"end":{"line":4,"column":18}},"loc":{"start":{"line":4,"column":43},"end":{"line":94,"column":1}},"line":4},"1":{"name":"(anonymous_1)","decl":{"start":{"line":11,"column":4},"end":{"line":11,"column":5}},"loc":{"start":{"line":11,"column":29},"end":{"line":14,"column":5}},"line":11},"2":{"name":"(anonymous_2)","decl":{"start":{"line":86,"column":8},"end":{"line":86,"column":9}},"loc":{"start":{"line":86,"column":40},"end":{"line":89,"column":9}},"line":86}},"branchMap":{},"s":{"0":1,"1":1,"2":1,"3":1,"4":1,"5":3,"6":3,"7":1},"f":{"0":1,"1":1,"2":3},"b":{},"_coverageSchema":"1a1c01bbd47fc00a2c39e90264f33305004495a9","hash":"fe4d4e6c67f68d1b7f05feb155727f35f73d1efc"}
,"/Users/bayuaji/Documents/Online Hacktiv8/Fase 3/Final Project/be-services-users/routers/index.js": {"path":"/Users/bayuaji/Documents/Online Hacktiv8/Fase 3/Final Project/be-services-users/routers/index.js","statementMap":{"0":{"start":{"line":1,"column":19},"end":{"line":1,"column":50}},"1":{"start":{"line":2,"column":25},"end":{"line":2,"column":61}},"2":{"start":{"line":3,"column":18},"end":{"line":3,"column":53}},"3":{"start":{"line":5,"column":15},"end":{"line":5,"column":42}},"4":{"start":{"line":7,"column":0},"end":{"line":7,"column":46}},"5":{"start":{"line":8,"column":0},"end":{"line":8,"column":40}},"6":{"start":{"line":9,"column":0},"end":{"line":9,"column":41}},"7":{"start":{"line":10,"column":0},"end":{"line":10,"column":47}},"8":{"start":{"line":12,"column":0},"end":{"line":12,"column":72}},"9":{"start":{"line":13,"column":0},"end":{"line":13,"column":69}},"10":{"start":{"line":14,"column":0},"end":{"line":14,"column":76}},"11":{"start":{"line":15,"column":0},"end":{"line":19,"column":2}},"12":{"start":{"line":20,"column":0},"end":{"line":24,"column":2}},"13":{"start":{"line":25,"column":0},"end":{"line":25,"column":24}}},"fnMap":{},"branchMap":{},"s":{"0":1,"1":1,"2":1,"3":1,"4":1,"5":1,"6":1,"7":1,"8":1,"9":1,"10":1,"11":1,"12":1,"13":1},"f":{},"b":{},"_coverageSchema":"1a1c01bbd47fc00a2c39e90264f33305004495a9","hash":"7c6fa13f1401c27371f6b2c85d48a63e849dc783"}
}
