TN:
SF:app.js
FNF:0
FNH:0
DA:1,1
DA:2,1
DA:5,1
DA:6,1
DA:8,1
DA:9,1
DA:10,1
DA:11,1
DA:13,1
DA:17,1
DA:18,1
DA:19,1
DA:20,1
DA:26,1
LF:14
LH:14
BRDA:1,0,0,1
BRDA:1,0,1,0
BRDA:9,1,0,1
BRDA:9,1,1,1
BRF:4
BRH:3
end_of_record
TN:
SF:controllers/index.js
FN:7,(anonymous_0)
FN:39,(anonymous_1)
FN:66,(anonymous_2)
FN:77,(anonymous_3)
FN:92,(anonymous_4)
FNF:5
FNH:5
FNDA:9,(anonymous_0)
FNDA:4,(anonymous_1)
FNDA:1,(anonymous_2)
FNDA:2,(anonymous_3)
FNDA:1,(anonymous_4)
DA:1,1
DA:2,1
DA:3,1
DA:4,1
DA:5,1
DA:8,9
DA:10,9
DA:11,9
DA:20,1
DA:21,1
DA:27,1
DA:33,1
DA:35,8
DA:40,4
DA:41,4
DA:42,4
DA:43,1
DA:45,4
DA:46,1
DA:48,4
DA:50,3
DA:51,1
DA:52,1
DA:56,1
DA:63,3
DA:67,1
DA:68,1
DA:72,1
DA:74,0
DA:78,2
DA:79,2
DA:81,2
DA:85,2
DA:86,1
DA:88,1
DA:94,1
DA:95,1
DA:96,1
DA:100,1
DA:101,1
DA:103,0
DA:108,1
LF:42
LH:40
BRDA:20,0,0,1
BRDA:20,0,1,0
BRDA:42,1,0,1
BRDA:42,1,1,3
BRDA:42,2,0,4
BRDA:42,2,1,3
BRDA:45,3,0,1
BRDA:45,3,1,3
BRDA:45,4,0,4
BRDA:45,4,1,3
BRDA:50,5,0,2
BRDA:50,5,1,1
BRDA:51,6,0,0
BRDA:51,6,1,1
BRDA:85,7,0,1
BRDA:85,7,1,1
BRDA:100,8,0,0
BRDA:100,8,1,1
BRF:18
BRH:15
end_of_record
TN:
SF:controllers/updateData.js
FN:5,(anonymous_0)
FN:21,(anonymous_1)
FN:57,(anonymous_2)
FN:86,(anonymous_3)
FN:110,(anonymous_4)
FN:128,(anonymous_5)
FN:150,(anonymous_6)
FN:161,(anonymous_7)
FNF:8
FNH:8
FNDA:2,(anonymous_0)
FNDA:1,(anonymous_1)
FNDA:1,(anonymous_2)
FNDA:2,(anonymous_3)
FNDA:2,(anonymous_4)
FNDA:2,(anonymous_5)
FNDA:1,(anonymous_6)
FNDA:1,(anonymous_7)
DA:1,1
DA:2,1
DA:6,2
DA:7,2
DA:8,2
DA:9,2
DA:14,2
DA:15,1
DA:18,1
DA:22,1
DA:23,1
DA:24,1
DA:25,1
DA:26,1
DA:29,1
DA:30,1
DA:31,1
DA:48,1
DA:49,1
DA:51,1
DA:54,0
DA:58,1
DA:59,1
DA:60,1
DA:61,1
DA:62,1
DA:65,1
DA:66,1
DA:67,1
DA:68,1
DA:74,1
DA:75,1
DA:82,0
DA:87,2
DA:88,2
DA:89,2
DA:90,2
DA:91,2
DA:92,2
DA:93,2
DA:94,1
DA:95,1
DA:101,1
DA:102,1
DA:107,1
DA:111,2
DA:112,2
DA:113,2
DA:114,2
DA:115,2
DA:116,2
DA:117,1
DA:123,1
DA:125,1
DA:129,2
DA:130,2
DA:131,2
DA:132,2
DA:133,2
DA:134,2
DA:135,2
DA:137,2
DA:139,2
DA:140,1
DA:145,1
DA:147,1
DA:151,1
DA:152,1
DA:156,1
DA:162,1
DA:163,1
DA:164,1
DA:165,1
DA:167,1
DA:168,1
DA:175,1
LF:76
LH:74
BRDA:14,0,0,1
BRDA:14,0,1,1
BRDA:93,1,0,1
BRDA:93,1,1,1
BRDA:116,2,0,1
BRDA:116,2,1,1
BRDA:133,3,0,0
BRDA:133,3,1,2
BRDA:134,4,0,2
BRDA:134,4,1,0
BRDA:139,5,0,1
BRDA:139,5,1,1
BRF:12
BRH:10
end_of_record
TN:
SF:helpers/bcrypt.js
FN:3,(anonymous_0)
FN:4,(anonymous_1)
FNF:2
FNH:2
FNDA:5,(anonymous_0)
FNDA:1,(anonymous_1)
DA:1,1
DA:3,5
DA:4,1
DA:6,1
LF:4
LH:4
BRF:0
BRH:0
end_of_record
TN:
SF:helpers/jwt.js
FN:4,(anonymous_0)
FN:5,(anonymous_1)
FNF:2
FNH:1
FNDA:2,(anonymous_0)
FNDA:0,(anonymous_1)
DA:1,1
DA:2,1
DA:4,2
DA:5,1
DA:7,1
LF:5
LH:5
BRF:0
BRH:0
end_of_record
TN:
SF:helpers/midtrans.js
FN:36,(anonymous_0)
FN:46,(anonymous_1)
FNF:2
FNH:1
FNDA:1,(anonymous_0)
FNDA:0,(anonymous_1)
DA:1,1
DA:36,1
DA:39,1
DA:44,1
DA:46,1
DA:48,0
DA:51,0
DA:56,1
LF:8
LH:6
BRF:0
BRH:0
end_of_record
TN:
SF:middlewares/checkUser.js
FN:2,(anonymous_0)
FNF:1
FNH:1
FNDA:14,(anonymous_0)
DA:1,1
DA:2,1
DA:3,14
DA:4,14
DA:5,14
DA:6,14
DA:7,9
DA:9,5
DA:13,1
LF:9
LH:9
BRDA:6,0,0,5
BRDA:6,0,1,9
BRF:2
BRH:2
end_of_record
TN:
SF:middlewares/errorHandle.js
FN:1,(anonymous_0)
FNF:1
FNH:1
FNDA:21,(anonymous_0)
DA:1,1
DA:5,21
DA:8,8
DA:9,8
DA:10,8
DA:12,2
DA:13,2
DA:14,2
DA:16,1
DA:17,1
DA:18,1
DA:20,3
DA:21,3
DA:22,3
DA:24,6
DA:25,6
DA:26,6
DA:32,1
DA:33,1
DA:34,1
DA:36,21
DA:39,1
LF:22
LH:22
BRDA:5,0,0,6
BRDA:5,0,1,8
BRDA:5,0,2,2
BRDA:5,0,3,1
BRDA:5,0,4,3
BRDA:5,0,5,6
BRDA:5,0,6,1
BRF:7
BRH:7
end_of_record
TN:
SF:models/historybalance.js
FN:3,(anonymous_0)
FN:10,(anonymous_1)
FNF:2
FNH:2
FNDA:1,(anonymous_0)
FNDA:1,(anonymous_1)
DA:2,1
DA:3,1
DA:12,1
DA:15,1
DA:27,1
LF:5
LH:5
BRF:0
BRH:0
end_of_record
TN:
SF:models/index.js
FN:21,(anonymous_0)
FN:29,(anonymous_1)
FN:34,(anonymous_2)
FNF:3
FNH:3
FNDA:3,(anonymous_0)
FNDA:2,(anonymous_1)
FNDA:2,(anonymous_2)
DA:3,1
DA:4,1
DA:5,1
DA:6,1
DA:7,1
DA:8,1
DA:9,1
DA:10,1
DA:13,1
DA:14,0
DA:16,1
DA:19,1
DA:22,3
DA:30,2
DA:31,2
DA:34,1
DA:35,2
DA:36,2
DA:40,1
DA:41,1
DA:43,1
LF:21
LH:20
BRDA:8,0,0,1
BRDA:8,0,1,0
BRDA:13,1,0,0
BRDA:13,1,1,1
BRDA:23,2,0,3
BRDA:23,2,1,3
BRDA:23,2,2,2
BRDA:23,2,3,2
BRDA:35,3,0,2
BRDA:35,3,1,0
BRF:10
BRH:7
end_of_record
TN:
SF:models/user.js
FN:4,(anonymous_0)
FN:11,(anonymous_1)
FN:86,(anonymous_2)
FNF:3
FNH:3
FNDA:1,(anonymous_0)
FNDA:1,(anonymous_1)
FNDA:3,(anonymous_2)
DA:2,1
DA:3,1
DA:4,1
DA:13,1
DA:16,1
DA:87,3
DA:88,3
DA:93,1
LF:8
LH:8
BRF:0
BRH:0
end_of_record
TN:
SF:routers/index.js
FNF:0
FNH:0
DA:1,1
DA:2,1
DA:3,1
DA:5,1
DA:7,1
DA:8,1
DA:9,1
DA:10,1
DA:12,1
DA:13,1
DA:14,1
DA:16,1
DA:22,1
DA:23,1
DA:24,1
DA:25,1
DA:28,1
DA:33,1
LF:18
LH:18
BRF:0
BRH:0
end_of_record
