TN:
SF:app.js
FN:14,(anonymous_0)
FNF:1
FNH:0
FNDA:0,(anonymous_0)
DA:1,1
DA:2,1
DA:5,1
DA:6,1
DA:8,1
DA:9,1
DA:10,1
DA:11,1
DA:13,1
DA:14,1
DA:15,0
DA:17,1
DA:18,1
DA:19,1
DA:20,1
DA:26,1
LF:16
LH:15
BRDA:1,0,0,1
BRDA:1,0,1,0
BRDA:9,1,0,1
BRDA:9,1,1,1
BRF:4
BRH:3
end_of_record
TN:
SF:controllers/index.js
FN:6,(anonymous_0)
FN:29,(anonymous_1)
FN:55,(anonymous_2)
FN:65,(anonymous_3)
FN:80,(anonymous_4)
FNF:5
FNH:5
FNDA:9,(anonymous_0)
FNDA:4,(anonymous_1)
FNDA:1,(anonymous_2)
FNDA:2,(anonymous_3)
FNDA:1,(anonymous_4)
DA:1,1
DA:2,1
DA:3,1
DA:7,9
DA:9,9
DA:10,9
DA:20,1
DA:25,8
DA:30,4
DA:31,4
DA:32,4
DA:33,1
DA:35,4
DA:36,1
DA:38,4
DA:40,3
DA:41,1
DA:42,1
DA:46,1
DA:52,3
DA:56,1
DA:57,1
DA:60,1
DA:62,0
DA:66,2
DA:67,2
DA:69,2
DA:73,2
DA:74,1
DA:76,1
DA:82,1
DA:83,1
DA:84,1
DA:87,1
DA:89,0
DA:94,1
LF:36
LH:34
BRDA:32,0,0,1
BRDA:32,0,1,3
BRDA:32,1,0,4
BRDA:32,1,1,3
BRDA:35,2,0,1
BRDA:35,2,1,3
BRDA:35,3,0,4
BRDA:35,3,1,3
BRDA:40,4,0,2
BRDA:40,4,1,1
BRDA:41,5,0,0
BRDA:41,5,1,1
BRDA:73,6,0,1
BRDA:73,6,1,1
BRF:14
BRH:13
end_of_record
TN:
SF:controllers/updateData.js
FN:6,(anonymous_0)
FN:19,(anonymous_1)
FN:94,(anonymous_2)
FNF:3
FNH:2
FNDA:0,(anonymous_0)
FNDA:1,(anonymous_1)
FNDA:1,(anonymous_2)
DA:1,1
DA:2,1
DA:3,1
DA:7,0
DA:8,0
DA:9,0
DA:10,0
DA:14,0
DA:16,0
DA:20,1
DA:21,1
DA:22,1
DA:24,1
DA:25,1
DA:26,1
DA:30,1
DA:36,1
DA:37,1
DA:42,0
DA:44,0
DA:95,1
DA:96,1
DA:97,1
DA:98,1
DA:99,1
DA:100,1
DA:101,1
DA:105,1
DA:111,1
DA:112,1
DA:117,0
DA:122,1
LF:32
LH:23
BRDA:14,0,0,0
BRDA:14,0,1,0
BRDA:100,1,0,0
BRDA:100,1,1,1
BRF:4
BRH:1
end_of_record
TN:
SF:helpers/bcrypt.js
FN:3,(anonymous_0)
FN:4,(anonymous_1)
FNF:2
FNH:2
FNDA:5,(anonymous_0)
FNDA:1,(anonymous_1)
DA:1,1
DA:3,5
DA:4,1
DA:6,1
LF:4
LH:4
BRF:0
BRH:0
end_of_record
TN:
SF:helpers/jwt.js
FN:4,(anonymous_0)
FN:5,(anonymous_1)
FNF:2
FNH:1
FNDA:2,(anonymous_0)
FNDA:0,(anonymous_1)
DA:1,1
DA:2,1
DA:4,2
DA:5,1
DA:7,1
LF:5
LH:5
BRF:0
BRH:0
end_of_record
TN:
SF:middlewares/checkUser.js
FN:2,(anonymous_0)
FNF:1
FNH:1
FNDA:6,(anonymous_0)
DA:1,1
DA:2,1
DA:3,6
DA:4,6
DA:5,6
DA:6,6
DA:7,3
DA:9,3
DA:13,1
LF:9
LH:9
BRDA:6,0,0,3
BRDA:6,0,1,3
BRF:2
BRH:2
end_of_record
TN:
SF:middlewares/errorHandle.js
FN:1,(anonymous_0)
FNF:1
FNH:1
FNDA:15,(anonymous_0)
DA:1,1
DA:2,15
DA:5,15
DA:8,8
DA:9,8
DA:10,8
DA:12,2
DA:13,2
DA:14,2
DA:16,0
DA:17,0
DA:18,0
DA:20,0
DA:21,0
DA:22,0
DA:24,4
DA:25,4
DA:26,4
DA:29,1
DA:30,1
DA:31,1
DA:33,15
DA:36,1
LF:23
LH:17
BRDA:5,0,0,6
BRDA:5,0,1,8
BRDA:5,0,2,2
BRDA:5,0,3,0
BRDA:5,0,4,0
BRDA:5,0,5,4
BRDA:5,0,6,1
BRF:7
BRH:5
end_of_record
TN:
SF:models/historybalance.js
FN:3,(anonymous_0)
FN:10,(anonymous_1)
FNF:2
FNH:2
FNDA:1,(anonymous_0)
FNDA:1,(anonymous_1)
DA:2,1
DA:3,1
DA:12,1
DA:15,1
DA:27,1
LF:5
LH:5
BRF:0
BRH:0
end_of_record
TN:
SF:models/index.js
FN:21,(anonymous_0)
FN:29,(anonymous_1)
FN:34,(anonymous_2)
FNF:3
FNH:3
FNDA:3,(anonymous_0)
FNDA:2,(anonymous_1)
FNDA:2,(anonymous_2)
DA:3,1
DA:4,1
DA:5,1
DA:6,1
DA:7,1
DA:8,1
DA:9,1
DA:10,1
DA:13,1
DA:14,0
DA:16,1
DA:19,1
DA:22,3
DA:30,2
DA:31,2
DA:34,1
DA:35,2
DA:36,2
DA:40,1
DA:41,1
DA:43,1
LF:21
LH:20
BRDA:8,0,0,1
BRDA:8,0,1,0
BRDA:13,1,0,0
BRDA:13,1,1,1
BRDA:23,2,0,3
BRDA:23,2,1,3
BRDA:23,2,2,2
BRDA:23,2,3,2
BRDA:35,3,0,2
BRDA:35,3,1,0
BRF:10
BRH:7
end_of_record
TN:
SF:models/user.js
FN:4,(anonymous_0)
FN:11,(anonymous_1)
FN:86,(anonymous_2)
FNF:3
FNH:3
FNDA:1,(anonymous_0)
FNDA:1,(anonymous_1)
FNDA:3,(anonymous_2)
DA:2,1
DA:3,1
DA:4,1
DA:13,1
DA:16,1
DA:87,3
DA:88,3
DA:93,1
LF:8
LH:8
BRF:0
BRH:0
end_of_record
TN:
SF:routers/index.js
FNF:0
FNH:0
DA:2,1
DA:3,1
DA:4,1
DA:6,1
DA:10,1
DA:11,1
DA:12,1
DA:13,1
DA:15,1
DA:17,1
DA:18,1
DA:19,1
DA:22,1
LF:13
LH:13
BRF:0
BRH:0
end_of_record
